[2.498s] Invoking command in '/home/zakaria/ros2_rl/src/ros_rl': DEBUGINFOD_URLS=https://debuginfod.ubuntu.com PYTHONPATH=/home/zakaria/ros2_rl/build/ros_rl/prefix_override:/usr/lib/python3/dist-packages/colcon_core/task/python/colcon_distutils_commands:/home/zakaria/ros2_rl/install/ros_rl/lib/python3.12/site-packages:${PYTHONPATH} /usr/bin/python3 -W ignore:setup.py install is deprecated -W ignore:easy_install command is deprecated setup.py egg_info --egg-base ../../build/ros_rl build --build-base /home/zakaria/ros2_rl/build/ros_rl/build install --record /home/zakaria/ros2_rl/build/ros_rl/install.log --single-version-externally-managed install_data
[3.203s] running egg_info
[3.224s] writing ../../build/ros_rl/ros_rl.egg-info/PKG-INFO
[3.224s] writing dependency_links to ../../build/ros_rl/ros_rl.egg-info/dependency_links.txt
[3.224s] writing entry points to ../../build/ros_rl/ros_rl.egg-info/entry_points.txt
[3.224s] writing requirements to ../../build/ros_rl/ros_rl.egg-info/requires.txt
[3.224s] writing top-level names to ../../build/ros_rl/ros_rl.egg-info/top_level.txt
[3.281s] reading manifest file '../../build/ros_rl/ros_rl.egg-info/SOURCES.txt'
[3.282s] writing manifest file '../../build/ros_rl/ros_rl.egg-info/SOURCES.txt'
[3.282s] running build
[3.282s] running build_py
[3.282s] running install
[3.294s] running install_lib
[3.318s] running install_data
[3.318s] copying launch/launch.py -> /home/zakaria/ros2_rl/install/ros_rl/share/ros_rl/launch
[3.319s] running install_egg_info
[3.351s] removing '/home/zakaria/ros2_rl/install/ros_rl/lib/python3.12/site-packages/ros_rl-0.0.0-py3.12.egg-info' (and everything under it)
[3.358s] Copying ../../build/ros_rl/ros_rl.egg-info to /home/zakaria/ros2_rl/install/ros_rl/lib/python3.12/site-packages/ros_rl-0.0.0-py3.12.egg-info
[3.358s] running install_scripts
[3.747s] Installing robot script to /home/zakaria/ros2_rl/install/ros_rl/lib/ros_rl
[3.747s] writing list of installed files to '/home/zakaria/ros2_rl/build/ros_rl/install.log'
[3.788s] Invoked command in '/home/zakaria/ros2_rl/src/ros_rl' returned '0': DEBUGINFOD_URLS=https://debuginfod.ubuntu.com PYTHONPATH=/home/zakaria/ros2_rl/build/ros_rl/prefix_override:/usr/lib/python3/dist-packages/colcon_core/task/python/colcon_distutils_commands:/home/zakaria/ros2_rl/install/ros_rl/lib/python3.12/site-packages:${PYTHONPATH} /usr/bin/python3 -W ignore:setup.py install is deprecated -W ignore:easy_install command is deprecated setup.py egg_info --egg-base ../../build/ros_rl build --build-base /home/zakaria/ros2_rl/build/ros_rl/build install --record /home/zakaria/ros2_rl/build/ros_rl/install.log --single-version-externally-managed install_data
