[1.301s] Invoking command in '/home/zakaria/ros2_rl/src/ros_rl': DEBUGINFOD_URLS=https://debuginfod.ubuntu.com PYTHONPATH=/home/zakaria/ros2_rl/build/ros_rl/prefix_override:/usr/lib/python3/dist-packages/colcon_core/task/python/colcon_distutils_commands:/home/zakaria/ros2_rl/install/ros_rl/lib/python3.12/site-packages:${PYTHONPATH} /usr/bin/python3 -W ignore:setup.py install is deprecated -W ignore:easy_install command is deprecated setup.py egg_info --egg-base ../../build/ros_rl build --build-base /home/zakaria/ros2_rl/build/ros_rl/build install --record /home/zakaria/ros2_rl/build/ros_rl/install.log --single-version-externally-managed install_data
[1.528s] running egg_info
[1.545s] writing ../../build/ros_rl/ros_rl.egg-info/PKG-INFO
[1.548s] writing dependency_links to ../../build/ros_rl/ros_rl.egg-info/dependency_links.txt
[1.549s] writing entry points to ../../build/ros_rl/ros_rl.egg-info/entry_points.txt
[1.551s] writing requirements to ../../build/ros_rl/ros_rl.egg-info/requires.txt
[1.554s] writing top-level names to ../../build/ros_rl/ros_rl.egg-info/top_level.txt
[1.597s] reading manifest file '../../build/ros_rl/ros_rl.egg-info/SOURCES.txt'
[1.601s] writing manifest file '../../build/ros_rl/ros_rl.egg-info/SOURCES.txt'
[1.601s] running build
[1.602s] running build_py
[1.602s] copying ros_rl/robot.py -> /home/zakaria/ros2_rl/build/ros_rl/build/lib/ros_rl
[1.602s] running install
[1.627s] running install_lib
[1.645s] copying /home/zakaria/ros2_rl/build/ros_rl/build/lib/ros_rl/robot.py -> /home/zakaria/ros2_rl/install/ros_rl/lib/python3.12/site-packages/ros_rl
[1.646s] byte-compiling /home/zakaria/ros2_rl/install/ros_rl/lib/python3.12/site-packages/ros_rl/robot.py to robot.cpython-312.pyc
[1.648s] running install_data
[1.648s] copying launch/launch.py -> /home/zakaria/ros2_rl/install/ros_rl/share/ros_rl/launch
[1.651s] running install_egg_info
[1.677s] removing '/home/zakaria/ros2_rl/install/ros_rl/lib/python3.12/site-packages/ros_rl-0.0.0-py3.12.egg-info' (and everything under it)
[1.688s] Copying ../../build/ros_rl/ros_rl.egg-info to /home/zakaria/ros2_rl/install/ros_rl/lib/python3.12/site-packages/ros_rl-0.0.0-py3.12.egg-info
[1.692s] running install_scripts
[1.914s] Installing robot script to /home/zakaria/ros2_rl/install/ros_rl/lib/ros_rl
[1.915s] writing list of installed files to '/home/zakaria/ros2_rl/build/ros_rl/install.log'
[1.955s] Invoked command in '/home/zakaria/ros2_rl/src/ros_rl' returned '0': DEBUGINFOD_URLS=https://debuginfod.ubuntu.com PYTHONPATH=/home/zakaria/ros2_rl/build/ros_rl/prefix_override:/usr/lib/python3/dist-packages/colcon_core/task/python/colcon_distutils_commands:/home/zakaria/ros2_rl/install/ros_rl/lib/python3.12/site-packages:${PYTHONPATH} /usr/bin/python3 -W ignore:setup.py install is deprecated -W ignore:easy_install command is deprecated setup.py egg_info --egg-base ../../build/ros_rl build --build-base /home/zakaria/ros2_rl/build/ros_rl/build install --record /home/zakaria/ros2_rl/build/ros_rl/install.log --single-version-externally-managed install_data
