[0.722s] DEBUG:colcon:Command line arguments: ['/usr/bin/colcon', 'build']
[0.722s] DEBUG:colcon:Parsed command line arguments: Namespace(log_base=None, log_level=None, verb_name='build', build_base='build', install_base='install', merge_install=False, symlink_install=False, test_result_base=None, continue_on_error=False, executor='parallel', parallel_workers=8, event_handlers=None, ignore_user_meta=False, metas=['./colcon.meta'], base_paths=['.'], packages_ignore=None, packages_ignore_regex=None, paths=None, packages_up_to=None, packages_up_to_regex=None, packages_above=None, packages_above_and_dependencies=None, packages_above_depth=None, packages_select_by_dep=None, packages_skip_by_dep=None, packages_skip_up_to=None, packages_select_build_failed=False, packages_skip_build_finished=False, packages_select_test_failures=False, packages_skip_test_passed=False, packages_select=None, packages_skip=None, packages_select_regex=None, packages_skip_regex=None, packages_start=None, packages_end=None, allow_overriding=[], cmake_args=None, cmake_target=None, cmake_target_skip_unavailable=False, cmake_clean_cache=False, cmake_clean_first=False, cmake_force_configure=False, ament_cmake_args=None, catkin_cmake_args=None, catkin_skip_building_tests=False, mixin_files=None, mixin=None, verb_parser=<colcon_mixin.mixin.mixin_argument.MixinArgumentDecorator object at 0x7f0513cb4fb0>, verb_extension=<colcon_core.verb.build.BuildVerb object at 0x7f0513e19250>, main=<bound method BuildVerb.main of <colcon_core.verb.build.BuildVerb object at 0x7f0513e19250>>, mixin_verb=('build',))
[0.881s] Level 1:colcon.colcon_core.package_discovery:discover_packages(colcon_meta) check parameters
[0.881s] Level 1:colcon.colcon_core.package_discovery:discover_packages(recursive) check parameters
[0.881s] Level 1:colcon.colcon_core.package_discovery:discover_packages(ignore) check parameters
[0.881s] Level 1:colcon.colcon_core.package_discovery:discover_packages(path) check parameters
[0.881s] Level 1:colcon.colcon_core.package_discovery:discover_packages(colcon_meta) discover
[0.881s] Level 1:colcon.colcon_core.package_discovery:discover_packages(recursive) discover
[0.881s] INFO:colcon.colcon_core.package_discovery:Crawling recursively for packages in '/home/zakaria/ros2_rl'
[0.881s] Level 1:colcon.colcon_core.package_identification:_identify(.) by extensions ['ignore', 'ignore_ament_install']
[0.882s] Level 1:colcon.colcon_core.package_identification:_identify(.) by extension 'ignore'
[0.882s] Level 1:colcon.colcon_core.package_identification:_identify(.) by extension 'ignore_ament_install'
[0.882s] Level 1:colcon.colcon_core.package_identification:_identify(.) by extensions ['colcon_pkg']
[0.882s] Level 1:colcon.colcon_core.package_identification:_identify(.) by extension 'colcon_pkg'
[0.882s] Level 1:colcon.colcon_core.package_identification:_identify(.) by extensions ['colcon_meta']
[0.882s] Level 1:colcon.colcon_core.package_identification:_identify(.) by extension 'colcon_meta'
[0.882s] Level 1:colcon.colcon_core.package_identification:_identify(.) by extensions ['ros']
[0.882s] Level 1:colcon.colcon_core.package_identification:_identify(.) by extension 'ros'
[0.992s] Level 1:colcon.colcon_core.package_identification:_identify(.) by extensions ['cmake', 'python']
[0.992s] Level 1:colcon.colcon_core.package_identification:_identify(.) by extension 'cmake'
[0.993s] Level 1:colcon.colcon_core.package_identification:_identify(.) by extension 'python'
[0.993s] Level 1:colcon.colcon_core.package_identification:_identify(.) by extensions ['python_setup_py']
[0.993s] Level 1:colcon.colcon_core.package_identification:_identify(.) by extension 'python_setup_py'
[0.993s] Level 1:colcon.colcon_core.package_identification:_identify(build) by extensions ['ignore', 'ignore_ament_install']
[0.993s] Level 1:colcon.colcon_core.package_identification:_identify(build) by extension 'ignore'
[0.993s] Level 1:colcon.colcon_core.package_identification:_identify(build) ignored
[0.993s] Level 1:colcon.colcon_core.package_identification:_identify(install) by extensions ['ignore', 'ignore_ament_install']
[0.993s] Level 1:colcon.colcon_core.package_identification:_identify(install) by extension 'ignore'
[0.993s] Level 1:colcon.colcon_core.package_identification:_identify(install) ignored
[0.993s] Level 1:colcon.colcon_core.package_identification:_identify(log) by extensions ['ignore', 'ignore_ament_install']
[0.994s] Level 1:colcon.colcon_core.package_identification:_identify(log) by extension 'ignore'
[0.994s] Level 1:colcon.colcon_core.package_identification:_identify(log) ignored
[0.994s] Level 1:colcon.colcon_core.package_identification:_identify(src) by extensions ['ignore', 'ignore_ament_install']
[0.994s] Level 1:colcon.colcon_core.package_identification:_identify(src) by extension 'ignore'
[0.994s] Level 1:colcon.colcon_core.package_identification:_identify(src) by extension 'ignore_ament_install'
[0.994s] Level 1:colcon.colcon_core.package_identification:_identify(src) by extensions ['colcon_pkg']
[0.994s] Level 1:colcon.colcon_core.package_identification:_identify(src) by extension 'colcon_pkg'
[0.994s] Level 1:colcon.colcon_core.package_identification:_identify(src) by extensions ['colcon_meta']
[0.994s] Level 1:colcon.colcon_core.package_identification:_identify(src) by extension 'colcon_meta'
[0.994s] Level 1:colcon.colcon_core.package_identification:_identify(src) by extensions ['ros']
[0.994s] Level 1:colcon.colcon_core.package_identification:_identify(src) by extension 'ros'
[0.994s] Level 1:colcon.colcon_core.package_identification:_identify(src) by extensions ['cmake', 'python']
[0.994s] Level 1:colcon.colcon_core.package_identification:_identify(src) by extension 'cmake'
[0.995s] Level 1:colcon.colcon_core.package_identification:_identify(src) by extension 'python'
[0.995s] Level 1:colcon.colcon_core.package_identification:_identify(src) by extensions ['python_setup_py']
[0.995s] Level 1:colcon.colcon_core.package_identification:_identify(src) by extension 'python_setup_py'
[0.995s] Level 1:colcon.colcon_core.package_identification:_identify(src/ros_rl) by extensions ['ignore', 'ignore_ament_install']
[0.995s] Level 1:colcon.colcon_core.package_identification:_identify(src/ros_rl) by extension 'ignore'
[0.995s] Level 1:colcon.colcon_core.package_identification:_identify(src/ros_rl) by extension 'ignore_ament_install'
[0.995s] Level 1:colcon.colcon_core.package_identification:_identify(src/ros_rl) by extensions ['colcon_pkg']
[0.995s] Level 1:colcon.colcon_core.package_identification:_identify(src/ros_rl) by extension 'colcon_pkg'
[0.995s] Level 1:colcon.colcon_core.package_identification:_identify(src/ros_rl) by extensions ['colcon_meta']
[0.995s] Level 1:colcon.colcon_core.package_identification:_identify(src/ros_rl) by extension 'colcon_meta'
[0.995s] Level 1:colcon.colcon_core.package_identification:_identify(src/ros_rl) by extensions ['ros']
[0.995s] Level 1:colcon.colcon_core.package_identification:_identify(src/ros_rl) by extension 'ros'
[1.004s] DEBUG:colcon.colcon_core.package_identification:Package 'src/ros_rl' with type 'ros.ament_python' and name 'ros_rl'
[1.005s] Level 1:colcon.colcon_core.package_discovery:discover_packages(recursive) using defaults
[1.005s] Level 1:colcon.colcon_core.package_discovery:discover_packages(ignore) discover
[1.005s] Level 1:colcon.colcon_core.package_discovery:discover_packages(ignore) using defaults
[1.005s] Level 1:colcon.colcon_core.package_discovery:discover_packages(path) discover
[1.005s] Level 1:colcon.colcon_core.package_discovery:discover_packages(path) using defaults
[1.086s] Level 1:colcon.colcon_core.package_discovery:discover_packages(prefix_path) check parameters
[1.086s] Level 1:colcon.colcon_core.package_discovery:discover_packages(prefix_path) discover
[1.096s] DEBUG:colcon.colcon_installed_package_information.package_discovery:Found 356 installed packages in /opt/ros/jazzy
[1.102s] Level 1:colcon.colcon_core.package_discovery:discover_packages(prefix_path) using defaults
[1.326s] Level 5:colcon.colcon_core.verb:set package 'ros_rl' build argument 'cmake_args' from command line to 'None'
[1.327s] Level 5:colcon.colcon_core.verb:set package 'ros_rl' build argument 'cmake_target' from command line to 'None'
[1.327s] Level 5:colcon.colcon_core.verb:set package 'ros_rl' build argument 'cmake_target_skip_unavailable' from command line to 'False'
[1.327s] Level 5:colcon.colcon_core.verb:set package 'ros_rl' build argument 'cmake_clean_cache' from command line to 'False'
[1.327s] Level 5:colcon.colcon_core.verb:set package 'ros_rl' build argument 'cmake_clean_first' from command line to 'False'
[1.327s] Level 5:colcon.colcon_core.verb:set package 'ros_rl' build argument 'cmake_force_configure' from command line to 'False'
[1.327s] Level 5:colcon.colcon_core.verb:set package 'ros_rl' build argument 'ament_cmake_args' from command line to 'None'
[1.327s] Level 5:colcon.colcon_core.verb:set package 'ros_rl' build argument 'catkin_cmake_args' from command line to 'None'
[1.327s] Level 5:colcon.colcon_core.verb:set package 'ros_rl' build argument 'catkin_skip_building_tests' from command line to 'False'
[1.327s] DEBUG:colcon.colcon_core.verb:Building package 'ros_rl' with the following arguments: {'ament_cmake_args': None, 'build_base': '/home/zakaria/ros2_rl/build/ros_rl', 'catkin_cmake_args': None, 'catkin_skip_building_tests': False, 'cmake_args': None, 'cmake_clean_cache': False, 'cmake_clean_first': False, 'cmake_force_configure': False, 'cmake_target': None, 'cmake_target_skip_unavailable': False, 'install_base': '/home/zakaria/ros2_rl/install/ros_rl', 'merge_install': False, 'path': '/home/zakaria/ros2_rl/src/ros_rl', 'symlink_install': False, 'test_result_base': None}
[1.327s] INFO:colcon.colcon_core.executor:Executing jobs using 'parallel' executor
[1.329s] DEBUG:colcon.colcon_parallel_executor.executor.parallel:run_until_complete
[1.330s] INFO:colcon.colcon_ros.task.ament_python.build:Building ROS package in '/home/zakaria/ros2_rl/src/ros_rl' with build type 'ament_python'
[1.330s] Level 1:colcon.colcon_core.shell:create_environment_hook('ros_rl', 'ament_prefix_path')
[1.369s] INFO:colcon.colcon_core.plugin_system:Skipping extension 'colcon_core.shell.bat': Not used on non-Windows systems
[1.370s] INFO:colcon.colcon_core.shell:Creating environment hook '/home/zakaria/ros2_rl/install/ros_rl/share/ros_rl/hook/ament_prefix_path.ps1'
[1.387s] INFO:colcon.colcon_core.shell:Creating environment descriptor '/home/zakaria/ros2_rl/install/ros_rl/share/ros_rl/hook/ament_prefix_path.dsv'
[1.389s] INFO:colcon.colcon_core.shell:Creating environment hook '/home/zakaria/ros2_rl/install/ros_rl/share/ros_rl/hook/ament_prefix_path.sh'
[1.390s] INFO:colcon.colcon_core.shell:Skip shell extension 'powershell' for command environment: Not usable outside of PowerShell
[1.390s] DEBUG:colcon.colcon_core.shell:Skip shell extension 'dsv' for command environment
[1.904s] INFO:colcon.colcon_core.task.python.build:Building Python package in '/home/zakaria/ros2_rl/src/ros_rl'
[1.905s] INFO:colcon.colcon_core.shell:Skip shell extension 'powershell' for command environment: Not usable outside of PowerShell
[1.905s] DEBUG:colcon.colcon_core.shell:Skip shell extension 'dsv' for command environment
[3.232s] DEBUG:colcon.colcon_core.event_handler.log_command:Invoking command in '/home/zakaria/ros2_rl/src/ros_rl': PYTHONPATH=/home/zakaria/ros2_rl/build/ros_rl/prefix_override:/usr/lib/python3/dist-packages/colcon_core/task/python/colcon_distutils_commands:/home/zakaria/ros2_rl/install/ros_rl/lib/python3.12/site-packages:${PYTHONPATH} /usr/bin/python3 -W ignore:setup.py install is deprecated -W ignore:easy_install command is deprecated setup.py egg_info --egg-base ../../build/ros_rl build --build-base /home/zakaria/ros2_rl/build/ros_rl/build install --record /home/zakaria/ros2_rl/build/ros_rl/install.log --single-version-externally-managed install_data
[3.807s] DEBUG:colcon.colcon_core.event_handler.log_command:Invoked command in '/home/zakaria/ros2_rl/src/ros_rl' returned '0': PYTHONPATH=/home/zakaria/ros2_rl/build/ros_rl/prefix_override:/usr/lib/python3/dist-packages/colcon_core/task/python/colcon_distutils_commands:/home/zakaria/ros2_rl/install/ros_rl/lib/python3.12/site-packages:${PYTHONPATH} /usr/bin/python3 -W ignore:setup.py install is deprecated -W ignore:easy_install command is deprecated setup.py egg_info --egg-base ../../build/ros_rl build --build-base /home/zakaria/ros2_rl/build/ros_rl/build install --record /home/zakaria/ros2_rl/build/ros_rl/install.log --single-version-externally-managed install_data
[3.818s] Level 1:colcon.colcon_core.environment:checking '/home/zakaria/ros2_rl/install/ros_rl' for CMake module files
[3.819s] Level 1:colcon.colcon_core.environment:checking '/home/zakaria/ros2_rl/install/ros_rl' for CMake config files
[3.819s] Level 1:colcon.colcon_core.environment:checking '/home/zakaria/ros2_rl/install/ros_rl/lib'
[3.819s] Level 1:colcon.colcon_core.environment:checking '/home/zakaria/ros2_rl/install/ros_rl/bin'
[3.820s] Level 1:colcon.colcon_core.environment:checking '/home/zakaria/ros2_rl/install/ros_rl/lib/pkgconfig/ros_rl.pc'
[3.820s] Level 1:colcon.colcon_core.environment:checking '/home/zakaria/ros2_rl/install/ros_rl/lib/python3.12/site-packages'
[3.820s] Level 1:colcon.colcon_core.shell:create_environment_hook('ros_rl', 'pythonpath')
[3.820s] INFO:colcon.colcon_core.shell:Creating environment hook '/home/zakaria/ros2_rl/install/ros_rl/share/ros_rl/hook/pythonpath.ps1'
[3.821s] INFO:colcon.colcon_core.shell:Creating environment descriptor '/home/zakaria/ros2_rl/install/ros_rl/share/ros_rl/hook/pythonpath.dsv'
[3.822s] INFO:colcon.colcon_core.shell:Creating environment hook '/home/zakaria/ros2_rl/install/ros_rl/share/ros_rl/hook/pythonpath.sh'
[3.823s] Level 1:colcon.colcon_core.environment:checking '/home/zakaria/ros2_rl/install/ros_rl/bin'
[3.823s] Level 1:colcon.colcon_core.environment:create_environment_scripts_only(ros_rl)
[3.823s] INFO:colcon.colcon_core.shell:Creating package script '/home/zakaria/ros2_rl/install/ros_rl/share/ros_rl/package.ps1'
[3.825s] INFO:colcon.colcon_core.shell:Creating package descriptor '/home/zakaria/ros2_rl/install/ros_rl/share/ros_rl/package.dsv'
[3.826s] INFO:colcon.colcon_core.shell:Creating package script '/home/zakaria/ros2_rl/install/ros_rl/share/ros_rl/package.sh'
[3.827s] INFO:colcon.colcon_core.shell:Creating package script '/home/zakaria/ros2_rl/install/ros_rl/share/ros_rl/package.bash'
[3.828s] INFO:colcon.colcon_core.shell:Creating package script '/home/zakaria/ros2_rl/install/ros_rl/share/ros_rl/package.zsh'
[3.830s] Level 1:colcon.colcon_core.environment:create_file_with_runtime_dependencies(/home/zakaria/ros2_rl/install/ros_rl/share/colcon-core/packages/ros_rl)
[3.831s] DEBUG:colcon.colcon_parallel_executor.executor.parallel:closing loop
[3.831s] DEBUG:colcon.colcon_parallel_executor.executor.parallel:loop closed
[3.832s] DEBUG:colcon.colcon_parallel_executor.executor.parallel:run_until_complete finished with '0'
[3.832s] DEBUG:colcon.colcon_core.event_reactor:joining thread
[3.924s] INFO:colcon.colcon_core.plugin_system:Skipping extension 'colcon_notification.desktop_notification.notify_send': Could not find 'notify-send'
[3.924s] INFO:colcon.colcon_core.plugin_system:Skipping extension 'colcon_notification.desktop_notification.terminal_notifier': Not used on non-Darwin systems
[3.925s] INFO:colcon.colcon_core.plugin_system:Skipping extension 'colcon_notification.desktop_notification.win32': Not used on non-Windows systems
[3.925s] INFO:colcon.colcon_notification.desktop_notification:Sending desktop notification using 'notify2'
[3.941s] DEBUG:colcon.colcon_notification.desktop_notification.notify2:Failed to initialize notify2: org.freedesktop.DBus.Error.ServiceUnknown: The name org.freedesktop.Notifications was not provided by any .service files
[3.941s] DEBUG:colcon.colcon_core.event_reactor:joined thread
[3.941s] INFO:colcon.colcon_core.shell:Creating prefix script '/home/zakaria/ros2_rl/install/local_setup.ps1'
[3.942s] INFO:colcon.colcon_core.shell:Creating prefix util module '/home/zakaria/ros2_rl/install/_local_setup_util_ps1.py'
[3.944s] INFO:colcon.colcon_core.shell:Creating prefix chain script '/home/zakaria/ros2_rl/install/setup.ps1'
[3.945s] INFO:colcon.colcon_core.shell:Creating prefix script '/home/zakaria/ros2_rl/install/local_setup.sh'
[3.946s] INFO:colcon.colcon_core.shell:Creating prefix util module '/home/zakaria/ros2_rl/install/_local_setup_util_sh.py'
[3.946s] INFO:colcon.colcon_core.shell:Creating prefix chain script '/home/zakaria/ros2_rl/install/setup.sh'
[3.947s] INFO:colcon.colcon_core.shell:Creating prefix script '/home/zakaria/ros2_rl/install/local_setup.bash'
[3.948s] INFO:colcon.colcon_core.shell:Creating prefix chain script '/home/zakaria/ros2_rl/install/setup.bash'
[3.949s] INFO:colcon.colcon_core.shell:Creating prefix script '/home/zakaria/ros2_rl/install/local_setup.zsh'
[3.950s] INFO:colcon.colcon_core.shell:Creating prefix chain script '/home/zakaria/ros2_rl/install/setup.zsh'
