running egg_info
creating ../../build/ros_rl/ros_rl.egg-info
writing ../../build/ros_rl/ros_rl.egg-info/PKG-INFO
writing dependency_links to ../../build/ros_rl/ros_rl.egg-info/dependency_links.txt
writing requirements to ../../build/ros_rl/ros_rl.egg-info/requires.txt
writing top-level names to ../../build/ros_rl/ros_rl.egg-info/top_level.txt
writing manifest file '../../build/ros_rl/ros_rl.egg-info/SOURCES.txt'
reading manifest file '../../build/ros_rl/ros_rl.egg-info/SOURCES.txt'
writing manifest file '../../build/ros_rl/ros_rl.egg-info/SOURCES.txt'
running build
running build_py
creating /home/zakaria/ros_ws/build/ros_rl/build
creating /home/zakaria/ros_ws/build/ros_rl/build/lib
creating /home/zakaria/ros_ws/build/ros_rl/build/lib/ros_rl
copying ros_rl/__init__.py -> /home/zakaria/ros_ws/build/ros_rl/build/lib/ros_rl
running install
running install_lib
creating /home/zakaria/ros_ws/install/ros_rl/lib/python3.12/site-packages/ros_rl
copying /home/zakaria/ros_ws/build/ros_rl/build/lib/ros_rl/__init__.py -> /home/zakaria/ros_ws/install/ros_rl/lib/python3.12/site-packages/ros_rl
byte-compiling /home/zakaria/ros_ws/install/ros_rl/lib/python3.12/site-packages/ros_rl/__init__.py to __init__.cpython-312.pyc
running install_data
creating /home/zakaria/ros_ws/install/ros_rl/share/ament_index
creating /home/zakaria/ros_ws/install/ros_rl/share/ament_index/resource_index
creating /home/zakaria/ros_ws/install/ros_rl/share/ament_index/resource_index/packages
copying resource/ros_rl -> /home/zakaria/ros_ws/install/ros_rl/share/ament_index/resource_index/packages
copying package.xml -> /home/zakaria/ros_ws/install/ros_rl/share/ros_rl
running install_egg_info
Copying ../../build/ros_rl/ros_rl.egg-info to /home/zakaria/ros_ws/install/ros_rl/lib/python3.12/site-packages/ros_rl-0.0.0-py3.12.egg-info
running install_scripts
writing list of installed files to '/home/zakaria/ros_ws/build/ros_rl/install.log'
