[1.410s] DEBUG:colcon:Command line arguments: ['/usr/bin/colcon', 'build']
[1.415s] DEBUG:colcon:Parsed command line arguments: Namespace(log_base=None, log_level=None, verb_name='build', build_base='build', install_base='install', merge_install=False, symlink_install=False, test_result_base=None, continue_on_error=False, executor='parallel', parallel_workers=4, event_handlers=None, ignore_user_meta=False, metas=['./colcon.meta'], base_paths=['.'], packages_ignore=None, packages_ignore_regex=None, paths=None, packages_up_to=None, packages_up_to_regex=None, packages_above=None, packages_above_and_dependencies=None, packages_above_depth=None, packages_select_by_dep=None, packages_skip_by_dep=None, packages_skip_up_to=None, packages_select_build_failed=False, packages_skip_build_finished=False, packages_select_test_failures=False, packages_skip_test_passed=False, packages_select=None, packages_skip=None, packages_select_regex=None, packages_skip_regex=None, packages_start=None, packages_end=None, allow_overriding=[], cmake_args=None, cmake_target=None, cmake_target_skip_unavailable=False, cmake_clean_cache=False, cmake_clean_first=False, cmake_force_configure=False, ament_cmake_args=None, catkin_cmake_args=None, catkin_skip_building_tests=False, mixin_files=None, mixin=None, verb_parser=<colcon_mixin.mixin.mixin_argument.MixinArgumentDecorator object at 0x727918e6f950>, verb_extension=<colcon_core.verb.build.BuildVerb object at 0x727918e6f5f0>, main=<bound method BuildVerb.main of <colcon_core.verb.build.BuildVerb object at 0x727918e6f5f0>>, mixin_verb=('build',))
[1.666s] Level 1:colcon.colcon_core.package_discovery:discover_packages(colcon_meta) check parameters
[1.667s] Level 1:colcon.colcon_core.package_discovery:discover_packages(recursive) check parameters
[1.667s] Level 1:colcon.colcon_core.package_discovery:discover_packages(ignore) check parameters
[1.667s] Level 1:colcon.colcon_core.package_discovery:discover_packages(path) check parameters
[1.667s] Level 1:colcon.colcon_core.package_discovery:discover_packages(colcon_meta) discover
[1.670s] Level 1:colcon.colcon_core.package_discovery:discover_packages(recursive) discover
[1.670s] INFO:colcon.colcon_core.package_discovery:Crawling recursively for packages in '/home/zakaria/ros2_rl'
[1.670s] Level 1:colcon.colcon_core.package_identification:_identify(.) by extensions ['ignore', 'ignore_ament_install']
[1.672s] Level 1:colcon.colcon_core.package_identification:_identify(.) by extension 'ignore'
[1.672s] Level 1:colcon.colcon_core.package_identification:_identify(.) by extension 'ignore_ament_install'
[1.672s] Level 1:colcon.colcon_core.package_identification:_identify(.) by extensions ['colcon_pkg']
[1.673s] Level 1:colcon.colcon_core.package_identification:_identify(.) by extension 'colcon_pkg'
[1.673s] Level 1:colcon.colcon_core.package_identification:_identify(.) by extensions ['colcon_meta']
[1.673s] Level 1:colcon.colcon_core.package_identification:_identify(.) by extension 'colcon_meta'
[1.673s] Level 1:colcon.colcon_core.package_identification:_identify(.) by extensions ['ros']
[1.673s] Level 1:colcon.colcon_core.package_identification:_identify(.) by extension 'ros'
[1.812s] Level 1:colcon.colcon_core.package_identification:_identify(.) by extensions ['cmake', 'python']
[1.813s] Level 1:colcon.colcon_core.package_identification:_identify(.) by extension 'cmake'
[1.813s] Level 1:colcon.colcon_core.package_identification:_identify(.) by extension 'python'
[1.813s] Level 1:colcon.colcon_core.package_identification:_identify(.) by extensions ['python_setup_py']
[1.813s] Level 1:colcon.colcon_core.package_identification:_identify(.) by extension 'python_setup_py'
[1.814s] Level 1:colcon.colcon_core.package_identification:_identify(build) by extensions ['ignore', 'ignore_ament_install']
[1.814s] Level 1:colcon.colcon_core.package_identification:_identify(build) by extension 'ignore'
[1.815s] Level 1:colcon.colcon_core.package_identification:_identify(build) ignored
[1.815s] Level 1:colcon.colcon_core.package_identification:_identify(install) by extensions ['ignore', 'ignore_ament_install']
[1.816s] Level 1:colcon.colcon_core.package_identification:_identify(install) by extension 'ignore'
[1.817s] Level 1:colcon.colcon_core.package_identification:_identify(install) ignored
[1.817s] Level 1:colcon.colcon_core.package_identification:_identify(log) by extensions ['ignore', 'ignore_ament_install']
[1.818s] Level 1:colcon.colcon_core.package_identification:_identify(log) by extension 'ignore'
[1.818s] Level 1:colcon.colcon_core.package_identification:_identify(log) ignored
[1.818s] Level 1:colcon.colcon_core.package_identification:_identify(src) by extensions ['ignore', 'ignore_ament_install']
[1.819s] Level 1:colcon.colcon_core.package_identification:_identify(src) by extension 'ignore'
[1.819s] Level 1:colcon.colcon_core.package_identification:_identify(src) by extension 'ignore_ament_install'
[1.819s] Level 1:colcon.colcon_core.package_identification:_identify(src) by extensions ['colcon_pkg']
[1.820s] Level 1:colcon.colcon_core.package_identification:_identify(src) by extension 'colcon_pkg'
[1.820s] Level 1:colcon.colcon_core.package_identification:_identify(src) by extensions ['colcon_meta']
[1.820s] Level 1:colcon.colcon_core.package_identification:_identify(src) by extension 'colcon_meta'
[1.820s] Level 1:colcon.colcon_core.package_identification:_identify(src) by extensions ['ros']
[1.820s] Level 1:colcon.colcon_core.package_identification:_identify(src) by extension 'ros'
[1.821s] Level 1:colcon.colcon_core.package_identification:_identify(src) by extensions ['cmake', 'python']
[1.821s] Level 1:colcon.colcon_core.package_identification:_identify(src) by extension 'cmake'
[1.822s] Level 1:colcon.colcon_core.package_identification:_identify(src) by extension 'python'
[1.822s] Level 1:colcon.colcon_core.package_identification:_identify(src) by extensions ['python_setup_py']
[1.823s] Level 1:colcon.colcon_core.package_identification:_identify(src) by extension 'python_setup_py'
[1.823s] Level 1:colcon.colcon_core.package_identification:_identify(src/ros_rl) by extensions ['ignore', 'ignore_ament_install']
[1.823s] Level 1:colcon.colcon_core.package_identification:_identify(src/ros_rl) by extension 'ignore'
[1.823s] Level 1:colcon.colcon_core.package_identification:_identify(src/ros_rl) by extension 'ignore_ament_install'
[1.823s] Level 1:colcon.colcon_core.package_identification:_identify(src/ros_rl) by extensions ['colcon_pkg']
[1.824s] Level 1:colcon.colcon_core.package_identification:_identify(src/ros_rl) by extension 'colcon_pkg'
[1.824s] Level 1:colcon.colcon_core.package_identification:_identify(src/ros_rl) by extensions ['colcon_meta']
[1.824s] Level 1:colcon.colcon_core.package_identification:_identify(src/ros_rl) by extension 'colcon_meta'
[1.824s] Level 1:colcon.colcon_core.package_identification:_identify(src/ros_rl) by extensions ['ros']
[1.824s] Level 1:colcon.colcon_core.package_identification:_identify(src/ros_rl) by extension 'ros'
[1.838s] DEBUG:colcon.colcon_core.package_identification:Package 'src/ros_rl' with type 'ros.ament_python' and name 'ros2_rl'
[1.839s] Level 1:colcon.colcon_core.package_discovery:discover_packages(recursive) using defaults
[1.839s] Level 1:colcon.colcon_core.package_discovery:discover_packages(ignore) discover
[1.839s] Level 1:colcon.colcon_core.package_discovery:discover_packages(ignore) using defaults
[1.839s] Level 1:colcon.colcon_core.package_discovery:discover_packages(path) discover
[1.839s] Level 1:colcon.colcon_core.package_discovery:discover_packages(path) using defaults
[2.009s] Level 1:colcon.colcon_core.package_discovery:discover_packages(prefix_path) check parameters
[2.010s] Level 1:colcon.colcon_core.package_discovery:discover_packages(prefix_path) discover
[2.028s] DEBUG:colcon.colcon_installed_package_information.package_discovery:Found 1 installed packages in /home/zakaria/ros2_rl/install
[2.036s] DEBUG:colcon.colcon_installed_package_information.package_discovery:Found 288 installed packages in /opt/ros/jazzy
[2.045s] Level 1:colcon.colcon_core.package_discovery:discover_packages(prefix_path) using defaults
[2.484s] Level 5:colcon.colcon_core.verb:set package 'ros2_rl' build argument 'cmake_args' from command line to 'None'
[2.488s] Level 5:colcon.colcon_core.verb:set package 'ros2_rl' build argument 'cmake_target' from command line to 'None'
[2.488s] Level 5:colcon.colcon_core.verb:set package 'ros2_rl' build argument 'cmake_target_skip_unavailable' from command line to 'False'
[2.488s] Level 5:colcon.colcon_core.verb:set package 'ros2_rl' build argument 'cmake_clean_cache' from command line to 'False'
[2.488s] Level 5:colcon.colcon_core.verb:set package 'ros2_rl' build argument 'cmake_clean_first' from command line to 'False'
[2.488s] Level 5:colcon.colcon_core.verb:set package 'ros2_rl' build argument 'cmake_force_configure' from command line to 'False'
[2.488s] Level 5:colcon.colcon_core.verb:set package 'ros2_rl' build argument 'ament_cmake_args' from command line to 'None'
[2.488s] Level 5:colcon.colcon_core.verb:set package 'ros2_rl' build argument 'catkin_cmake_args' from command line to 'None'
[2.489s] Level 5:colcon.colcon_core.verb:set package 'ros2_rl' build argument 'catkin_skip_building_tests' from command line to 'False'
[2.489s] DEBUG:colcon.colcon_core.verb:Building package 'ros2_rl' with the following arguments: {'ament_cmake_args': None, 'build_base': '/home/zakaria/ros2_rl/build/ros2_rl', 'catkin_cmake_args': None, 'catkin_skip_building_tests': False, 'cmake_args': None, 'cmake_clean_cache': False, 'cmake_clean_first': False, 'cmake_force_configure': False, 'cmake_target': None, 'cmake_target_skip_unavailable': False, 'install_base': '/home/zakaria/ros2_rl/install/ros2_rl', 'merge_install': False, 'path': '/home/zakaria/ros2_rl/src/ros_rl', 'symlink_install': False, 'test_result_base': None}
[2.489s] INFO:colcon.colcon_core.executor:Executing jobs using 'parallel' executor
[2.491s] DEBUG:colcon.colcon_parallel_executor.executor.parallel:run_until_complete
[2.491s] INFO:colcon.colcon_ros.task.ament_python.build:Building ROS package in '/home/zakaria/ros2_rl/src/ros_rl' with build type 'ament_python'
[2.491s] Level 1:colcon.colcon_core.shell:create_environment_hook('ros2_rl', 'ament_prefix_path')
[2.500s] INFO:colcon.colcon_core.plugin_system:Skipping extension 'colcon_core.shell.bat': Not used on non-Windows systems
[2.500s] INFO:colcon.colcon_core.shell:Creating environment hook '/home/zakaria/ros2_rl/install/ros2_rl/share/ros2_rl/hook/ament_prefix_path.ps1'
[2.500s] INFO:colcon.colcon_core.shell:Creating environment descriptor '/home/zakaria/ros2_rl/install/ros2_rl/share/ros2_rl/hook/ament_prefix_path.dsv'
[2.500s] INFO:colcon.colcon_core.shell:Creating environment hook '/home/zakaria/ros2_rl/install/ros2_rl/share/ros2_rl/hook/ament_prefix_path.sh'
[2.501s] INFO:colcon.colcon_core.shell:Skip shell extension 'powershell' for command environment: Not usable outside of PowerShell
[2.502s] DEBUG:colcon.colcon_core.shell:Skip shell extension 'dsv' for command environment
[3.373s] WARNING:colcon.colcon_ros.task.ament_python.build:Package 'ros2_rl' doesn't explicitly install a marker in the package index (colcon-ros currently does it implicitly but that fallback will be removed in the future)
[3.381s] WARNING:colcon.colcon_ros.task.ament_python.build:Package 'ros2_rl' doesn't explicitly install the 'package.xml' file (colcon-ros currently does it implicitly but that fallback will be removed in the future)
[3.384s] INFO:colcon.colcon_core.task.python.build:Building Python package in '/home/zakaria/ros2_rl/src/ros_rl'
[3.384s] INFO:colcon.colcon_core.shell:Skip shell extension 'powershell' for command environment: Not usable outside of PowerShell
[3.385s] DEBUG:colcon.colcon_core.shell:Skip shell extension 'dsv' for command environment
[5.606s] DEBUG:colcon.colcon_core.event_handler.log_command:Invoking command in '/home/zakaria/ros2_rl/src/ros_rl': DEBUGINFOD_URLS=https://debuginfod.ubuntu.com PYTHONPATH=/home/zakaria/ros2_rl/build/ros2_rl/prefix_override:/usr/lib/python3/dist-packages/colcon_core/task/python/colcon_distutils_commands:/home/zakaria/ros2_rl/install/ros2_rl/lib/python3.12/site-packages:${PYTHONPATH} /usr/bin/python3 -W ignore:setup.py install is deprecated -W ignore:easy_install command is deprecated setup.py egg_info --egg-base ../../build/ros2_rl build --build-base /home/zakaria/ros2_rl/build/ros2_rl/build install --record /home/zakaria/ros2_rl/build/ros2_rl/install.log --single-version-externally-managed install_data
[7.542s] DEBUG:colcon.colcon_core.event_handler.log_command:Invoked command in '/home/zakaria/ros2_rl/src/ros_rl' returned '0': DEBUGINFOD_URLS=https://debuginfod.ubuntu.com PYTHONPATH=/home/zakaria/ros2_rl/build/ros2_rl/prefix_override:/usr/lib/python3/dist-packages/colcon_core/task/python/colcon_distutils_commands:/home/zakaria/ros2_rl/install/ros2_rl/lib/python3.12/site-packages:${PYTHONPATH} /usr/bin/python3 -W ignore:setup.py install is deprecated -W ignore:easy_install command is deprecated setup.py egg_info --egg-base ../../build/ros2_rl build --build-base /home/zakaria/ros2_rl/build/ros2_rl/build install --record /home/zakaria/ros2_rl/build/ros2_rl/install.log --single-version-externally-managed install_data
[7.722s] Level 1:colcon.colcon_core.environment:checking '/home/zakaria/ros2_rl/install/ros2_rl' for CMake module files
[7.735s] Level 1:colcon.colcon_core.environment:checking '/home/zakaria/ros2_rl/install/ros2_rl' for CMake config files
[7.736s] Level 1:colcon.colcon_core.environment:checking '/home/zakaria/ros2_rl/install/ros2_rl/lib'
[7.736s] Level 1:colcon.colcon_core.environment:checking '/home/zakaria/ros2_rl/install/ros2_rl/bin'
[7.736s] Level 1:colcon.colcon_core.environment:checking '/home/zakaria/ros2_rl/install/ros2_rl/lib/pkgconfig/ros2_rl.pc'
[7.739s] Level 1:colcon.colcon_core.environment:checking '/home/zakaria/ros2_rl/install/ros2_rl/lib/python3.12/site-packages'
[7.739s] Level 1:colcon.colcon_core.shell:create_environment_hook('ros2_rl', 'pythonpath')
[7.741s] INFO:colcon.colcon_core.shell:Creating environment hook '/home/zakaria/ros2_rl/install/ros2_rl/share/ros2_rl/hook/pythonpath.ps1'
[7.748s] INFO:colcon.colcon_core.shell:Creating environment descriptor '/home/zakaria/ros2_rl/install/ros2_rl/share/ros2_rl/hook/pythonpath.dsv'
[7.749s] INFO:colcon.colcon_core.shell:Creating environment hook '/home/zakaria/ros2_rl/install/ros2_rl/share/ros2_rl/hook/pythonpath.sh'
[7.753s] Level 1:colcon.colcon_core.environment:checking '/home/zakaria/ros2_rl/install/ros2_rl/bin'
[7.753s] Level 1:colcon.colcon_core.environment:create_environment_scripts_only(ros2_rl)
[7.753s] INFO:colcon.colcon_core.shell:Creating package script '/home/zakaria/ros2_rl/install/ros2_rl/share/ros2_rl/package.ps1'
[7.771s] INFO:colcon.colcon_core.shell:Creating package descriptor '/home/zakaria/ros2_rl/install/ros2_rl/share/ros2_rl/package.dsv'
[7.772s] INFO:colcon.colcon_core.shell:Creating package script '/home/zakaria/ros2_rl/install/ros2_rl/share/ros2_rl/package.sh'
[7.774s] INFO:colcon.colcon_core.shell:Creating package script '/home/zakaria/ros2_rl/install/ros2_rl/share/ros2_rl/package.bash'
[7.775s] INFO:colcon.colcon_core.shell:Creating package script '/home/zakaria/ros2_rl/install/ros2_rl/share/ros2_rl/package.zsh'
[7.776s] Level 1:colcon.colcon_core.environment:create_file_with_runtime_dependencies(/home/zakaria/ros2_rl/install/ros2_rl/share/colcon-core/packages/ros2_rl)
[7.784s] DEBUG:colcon.colcon_parallel_executor.executor.parallel:closing loop
[7.784s] DEBUG:colcon.colcon_parallel_executor.executor.parallel:loop closed
[7.785s] DEBUG:colcon.colcon_parallel_executor.executor.parallel:run_until_complete finished with '0'
[7.785s] DEBUG:colcon.colcon_core.event_reactor:joining thread
[7.844s] INFO:colcon.colcon_core.plugin_system:Skipping extension 'colcon_notification.desktop_notification.terminal_notifier': Not used on non-Darwin systems
[7.849s] INFO:colcon.colcon_core.plugin_system:Skipping extension 'colcon_notification.desktop_notification.win32': Not used on non-Windows systems
[7.851s] INFO:colcon.colcon_notification.desktop_notification:Sending desktop notification using 'notify2'
[8.117s] DEBUG:colcon.colcon_core.event_reactor:joined thread
[8.118s] INFO:colcon.colcon_core.shell:Creating prefix script '/home/zakaria/ros2_rl/install/local_setup.ps1'
[8.118s] INFO:colcon.colcon_core.shell:Creating prefix util module '/home/zakaria/ros2_rl/install/_local_setup_util_ps1.py'
[8.126s] INFO:colcon.colcon_core.shell:Creating prefix chain script '/home/zakaria/ros2_rl/install/setup.ps1'
[8.126s] INFO:colcon.colcon_core.shell:Creating prefix script '/home/zakaria/ros2_rl/install/local_setup.sh'
[8.142s] INFO:colcon.colcon_core.shell:Creating prefix util module '/home/zakaria/ros2_rl/install/_local_setup_util_sh.py'
[8.143s] INFO:colcon.colcon_core.shell:Creating prefix chain script '/home/zakaria/ros2_rl/install/setup.sh'
[8.145s] INFO:colcon.colcon_core.shell:Creating prefix script '/home/zakaria/ros2_rl/install/local_setup.bash'
[8.149s] INFO:colcon.colcon_core.shell:Creating prefix chain script '/home/zakaria/ros2_rl/install/setup.bash'
[8.151s] INFO:colcon.colcon_core.shell:Creating prefix script '/home/zakaria/ros2_rl/install/local_setup.zsh'
[8.153s] INFO:colcon.colcon_core.shell:Creating prefix chain script '/home/zakaria/ros2_rl/install/setup.zsh'
