[1.603s] Invoking command in '/home/zakaria/ros2_rl/src/ros_rl': DEBUGINFOD_URLS=https://debuginfod.ubuntu.com PYTHONPATH=/home/zakaria/ros2_rl/build/ros_rl/prefix_override:/usr/lib/python3/dist-packages/colcon_core/task/python/colcon_distutils_commands:/home/zakaria/ros2_rl/install/ros_rl/lib/python3.12/site-packages:${PYTHONPATH} /usr/bin/python3 -W ignore:setup.py install is deprecated -W ignore:easy_install command is deprecated setup.py egg_info --egg-base ../../build/ros_rl build --build-base /home/zakaria/ros2_rl/build/ros_rl/build install --record /home/zakaria/ros2_rl/build/ros_rl/install.log --single-version-externally-managed install_data
[1.881s] running egg_info
[1.899s] writing ../../build/ros_rl/ros_rl.egg-info/PKG-INFO
[1.902s] writing dependency_links to ../../build/ros_rl/ros_rl.egg-info/dependency_links.txt
[1.902s] writing entry points to ../../build/ros_rl/ros_rl.egg-info/entry_points.txt
[1.903s] writing requirements to ../../build/ros_rl/ros_rl.egg-info/requires.txt
[1.903s] writing top-level names to ../../build/ros_rl/ros_rl.egg-info/top_level.txt
[1.943s] reading manifest file '../../build/ros_rl/ros_rl.egg-info/SOURCES.txt'
[1.945s] writing manifest file '../../build/ros_rl/ros_rl.egg-info/SOURCES.txt'
[1.945s] running build
[1.945s] running build_py
[1.949s] running install
[1.956s] running install_lib
[1.983s] running install_data
[1.984s] running install_egg_info
[2.008s] removing '/home/zakaria/ros2_rl/install/ros_rl/lib/python3.12/site-packages/ros_rl-0.0.0-py3.12.egg-info' (and everything under it)
[2.011s] Copying ../../build/ros_rl/ros_rl.egg-info to /home/zakaria/ros2_rl/install/ros_rl/lib/python3.12/site-packages/ros_rl-0.0.0-py3.12.egg-info
[2.013s] running install_scripts
[2.147s] Installing robot script to /home/zakaria/ros2_rl/install/ros_rl/lib/ros_rl
[2.148s] writing list of installed files to '/home/zakaria/ros2_rl/build/ros_rl/install.log'
[2.192s] Invoked command in '/home/zakaria/ros2_rl/src/ros_rl' returned '0': DEBUGINFOD_URLS=https://debuginfod.ubuntu.com PYTHONPATH=/home/zakaria/ros2_rl/build/ros_rl/prefix_override:/usr/lib/python3/dist-packages/colcon_core/task/python/colcon_distutils_commands:/home/zakaria/ros2_rl/install/ros_rl/lib/python3.12/site-packages:${PYTHONPATH} /usr/bin/python3 -W ignore:setup.py install is deprecated -W ignore:easy_install command is deprecated setup.py egg_info --egg-base ../../build/ros_rl build --build-base /home/zakaria/ros2_rl/build/ros_rl/build install --record /home/zakaria/ros2_rl/build/ros_rl/install.log --single-version-externally-managed install_data
