running egg_info
creating ../../build/ros2_rl/ros_rl.egg-info
writing ../../build/ros2_rl/ros_rl.egg-info/PKG-INFO
writing dependency_links to ../../build/ros2_rl/ros_rl.egg-info/dependency_links.txt
writing entry points to ../../build/ros2_rl/ros_rl.egg-info/entry_points.txt
writing requirements to ../../build/ros2_rl/ros_rl.egg-info/requires.txt
writing top-level names to ../../build/ros2_rl/ros_rl.egg-info/top_level.txt
writing manifest file '../../build/ros2_rl/ros_rl.egg-info/SOURCES.txt'
reading manifest file '../../build/ros2_rl/ros_rl.egg-info/SOURCES.txt'
writing manifest file '../../build/ros2_rl/ros_rl.egg-info/SOURCES.txt'
running build
running build_py
creating /home/zakaria/ros2_rl/build/ros2_rl/build
creating /home/zakaria/ros2_rl/build/ros2_rl/build/lib
creating /home/zakaria/ros2_rl/build/ros2_rl/build/lib/ros_rl
copying ros_rl/__init__.py -> /home/zakaria/ros2_rl/build/ros2_rl/build/lib/ros_rl
copying ros_rl/test_node.py -> /home/zakaria/ros2_rl/build/ros2_rl/build/lib/ros_rl
running install
running install_lib
creating /home/zakaria/ros2_rl/install/ros2_rl/lib/python3.12/site-packages/ros_rl
copying /home/zakaria/ros2_rl/build/ros2_rl/build/lib/ros_rl/__init__.py -> /home/zakaria/ros2_rl/install/ros2_rl/lib/python3.12/site-packages/ros_rl
copying /home/zakaria/ros2_rl/build/ros2_rl/build/lib/ros_rl/test_node.py -> /home/zakaria/ros2_rl/install/ros2_rl/lib/python3.12/site-packages/ros_rl
byte-compiling /home/zakaria/ros2_rl/install/ros2_rl/lib/python3.12/site-packages/ros_rl/__init__.py to __init__.cpython-312.pyc
byte-compiling /home/zakaria/ros2_rl/install/ros2_rl/lib/python3.12/site-packages/ros_rl/test_node.py to test_node.cpython-312.pyc
running install_data
copying resource/ros_rl -> /home/zakaria/ros2_rl/install/ros2_rl/share/ament_index/resource_index/packages
creating /home/zakaria/ros2_rl/install/ros2_rl/share/ros_rl
copying package.xml -> /home/zakaria/ros2_rl/install/ros2_rl/share/ros_rl
creating /home/zakaria/ros2_rl/install/ros2_rl/share/ros_rl/launch
copying launch/launch.py -> /home/zakaria/ros2_rl/install/ros2_rl/share/ros_rl/launch
creating /home/zakaria/ros2_rl/install/ros2_rl/share/ros_rl/model
running install_egg_info
Copying ../../build/ros2_rl/ros_rl.egg-info to /home/zakaria/ros2_rl/install/ros2_rl/lib/python3.12/site-packages/ros_rl-0.0.0-py3.12.egg-info
running install_scripts
Installing test_node script to /home/zakaria/ros2_rl/install/ros2_rl/lib/ros_rl
writing list of installed files to '/home/zakaria/ros2_rl/build/ros2_rl/install.log'
