[3.110s] Invoking command in '/home/zakaria/ros2_rl/src/ros_rl': DEBUGINFOD_URLS=https://debuginfod.ubuntu.com PYTHONPATH=/home/zakaria/ros2_rl/build/ros2_rl/prefix_override:/usr/lib/python3/dist-packages/colcon_core/task/python/colcon_distutils_commands:/home/zakaria/ros2_rl/install/ros2_rl/lib/python3.12/site-packages:${PYTHONPATH} /usr/bin/python3 -W ignore:setup.py install is deprecated -W ignore:easy_install command is deprecated setup.py egg_info --egg-base ../../build/ros2_rl build --build-base /home/zakaria/ros2_rl/build/ros2_rl/build install --record /home/zakaria/ros2_rl/build/ros2_rl/install.log --single-version-externally-managed install_data
[3.921s] running egg_info
[3.922s] creating ../../build/ros2_rl/ros_rl.egg-info
[4.066s] writing ../../build/ros2_rl/ros_rl.egg-info/PKG-INFO
[4.066s] writing dependency_links to ../../build/ros2_rl/ros_rl.egg-info/dependency_links.txt
[4.082s] writing entry points to ../../build/ros2_rl/ros_rl.egg-info/entry_points.txt
[4.082s] writing requirements to ../../build/ros2_rl/ros_rl.egg-info/requires.txt
[4.082s] writing top-level names to ../../build/ros2_rl/ros_rl.egg-info/top_level.txt
[4.087s] writing manifest file '../../build/ros2_rl/ros_rl.egg-info/SOURCES.txt'
[4.264s] reading manifest file '../../build/ros2_rl/ros_rl.egg-info/SOURCES.txt'
[4.265s] writing manifest file '../../build/ros2_rl/ros_rl.egg-info/SOURCES.txt'
[4.266s] running build
[4.266s] running build_py
[4.267s] creating /home/zakaria/ros2_rl/build/ros2_rl/build
[4.267s] creating /home/zakaria/ros2_rl/build/ros2_rl/build/lib
[4.267s] creating /home/zakaria/ros2_rl/build/ros2_rl/build/lib/ros_rl
[4.272s] copying ros_rl/__init__.py -> /home/zakaria/ros2_rl/build/ros2_rl/build/lib/ros_rl
[4.272s] copying ros_rl/test_node.py -> /home/zakaria/ros2_rl/build/ros2_rl/build/lib/ros_rl
[4.272s] running install
[4.303s] running install_lib
[4.383s] creating /home/zakaria/ros2_rl/install/ros2_rl/lib/python3.12/site-packages/ros_rl
[4.383s] copying /home/zakaria/ros2_rl/build/ros2_rl/build/lib/ros_rl/__init__.py -> /home/zakaria/ros2_rl/install/ros2_rl/lib/python3.12/site-packages/ros_rl
[4.384s] copying /home/zakaria/ros2_rl/build/ros2_rl/build/lib/ros_rl/test_node.py -> /home/zakaria/ros2_rl/install/ros2_rl/lib/python3.12/site-packages/ros_rl
[4.402s] byte-compiling /home/zakaria/ros2_rl/install/ros2_rl/lib/python3.12/site-packages/ros_rl/__init__.py to __init__.cpython-312.pyc
[4.402s] byte-compiling /home/zakaria/ros2_rl/install/ros2_rl/lib/python3.12/site-packages/ros_rl/test_node.py to test_node.cpython-312.pyc
[4.402s] running install_data
[4.404s] copying resource/ros_rl -> /home/zakaria/ros2_rl/install/ros2_rl/share/ament_index/resource_index/packages
[4.408s] creating /home/zakaria/ros2_rl/install/ros2_rl/share/ros_rl
[4.408s] copying package.xml -> /home/zakaria/ros2_rl/install/ros2_rl/share/ros_rl
[4.412s] creating /home/zakaria/ros2_rl/install/ros2_rl/share/ros_rl/launch
[4.412s] copying launch/launch.py -> /home/zakaria/ros2_rl/install/ros2_rl/share/ros_rl/launch
[4.412s] creating /home/zakaria/ros2_rl/install/ros2_rl/share/ros_rl/model
[4.416s] running install_egg_info
[4.546s] Copying ../../build/ros2_rl/ros_rl.egg-info to /home/zakaria/ros2_rl/install/ros2_rl/lib/python3.12/site-packages/ros_rl-0.0.0-py3.12.egg-info
[4.546s] running install_scripts
[4.815s] Installing test_node script to /home/zakaria/ros2_rl/install/ros2_rl/lib/ros_rl
[4.923s] writing list of installed files to '/home/zakaria/ros2_rl/build/ros2_rl/install.log'
[5.046s] Invoked command in '/home/zakaria/ros2_rl/src/ros_rl' returned '0': DEBUGINFOD_URLS=https://debuginfod.ubuntu.com PYTHONPATH=/home/zakaria/ros2_rl/build/ros2_rl/prefix_override:/usr/lib/python3/dist-packages/colcon_core/task/python/colcon_distutils_commands:/home/zakaria/ros2_rl/install/ros2_rl/lib/python3.12/site-packages:${PYTHONPATH} /usr/bin/python3 -W ignore:setup.py install is deprecated -W ignore:easy_install command is deprecated setup.py egg_info --egg-base ../../build/ros2_rl build --build-base /home/zakaria/ros2_rl/build/ros2_rl/build install --record /home/zakaria/ros2_rl/build/ros2_rl/install.log --single-version-externally-managed install_data
