[6.939s] Invoking command in '/home/zakaria/ros2_rl/src/ros_rl': DEBUGINFOD_URLS=https://debuginfod.ubuntu.com PYTHONPATH=/home/zakaria/ros2_rl/build/ros_rl/prefix_override:/usr/lib/python3/dist-packages/colcon_core/task/python/colcon_distutils_commands:/home/zakaria/ros2_rl/install/ros_rl/lib/python3.12/site-packages:${PYTHONPATH} /usr/bin/python3 -W ignore:setup.py install is deprecated -W ignore:easy_install command is deprecated setup.py egg_info --egg-base ../../build/ros_rl build --build-base /home/zakaria/ros2_rl/build/ros_rl/build install --record /home/zakaria/ros2_rl/build/ros_rl/install.log --single-version-externally-managed install_data
[7.625s] running egg_info
[7.654s] writing ../../build/ros_rl/ros_rl.egg-info/PKG-INFO
[7.656s] writing dependency_links to ../../build/ros_rl/ros_rl.egg-info/dependency_links.txt
[7.657s] writing entry points to ../../build/ros_rl/ros_rl.egg-info/entry_points.txt
[7.659s] writing requirements to ../../build/ros_rl/ros_rl.egg-info/requires.txt
[7.660s] writing top-level names to ../../build/ros_rl/ros_rl.egg-info/top_level.txt
[7.703s] reading manifest file '../../build/ros_rl/ros_rl.egg-info/SOURCES.txt'
[7.705s] writing manifest file '../../build/ros_rl/ros_rl.egg-info/SOURCES.txt'
[7.705s] running build
[7.706s] running build_py
[7.706s] running install
[7.712s] running install_lib
[7.748s] running install_data
[7.749s] running install_egg_info
[7.774s] removing '/home/zakaria/ros2_rl/install/ros_rl/lib/python3.12/site-packages/ros_rl-0.0.0-py3.12.egg-info' (and everything under it)
[7.775s] Copying ../../build/ros_rl/ros_rl.egg-info to /home/zakaria/ros2_rl/install/ros_rl/lib/python3.12/site-packages/ros_rl-0.0.0-py3.12.egg-info
[7.775s] running install_scripts
[7.974s] Installing robot script to /home/zakaria/ros2_rl/install/ros_rl/lib/ros_rl
[7.976s] writing list of installed files to '/home/zakaria/ros2_rl/build/ros_rl/install.log'
[8.065s] Invoked command in '/home/zakaria/ros2_rl/src/ros_rl' returned '0': DEBUGINFOD_URLS=https://debuginfod.ubuntu.com PYTHONPATH=/home/zakaria/ros2_rl/build/ros_rl/prefix_override:/usr/lib/python3/dist-packages/colcon_core/task/python/colcon_distutils_commands:/home/zakaria/ros2_rl/install/ros_rl/lib/python3.12/site-packages:${PYTHONPATH} /usr/bin/python3 -W ignore:setup.py install is deprecated -W ignore:easy_install command is deprecated setup.py egg_info --egg-base ../../build/ros_rl build --build-base /home/zakaria/ros2_rl/build/ros_rl/build install --record /home/zakaria/ros2_rl/build/ros_rl/install.log --single-version-externally-managed install_data
