[1.238s] Invoking command in '/home/zakaria/ros2_rl/src/ros_rl': DEBUGINFOD_URLS=https://debuginfod.ubuntu.com PYTHONPATH=/home/zakaria/ros2_rl/build/ros_rl/prefix_override:/usr/lib/python3/dist-packages/colcon_core/task/python/colcon_distutils_commands:/home/zakaria/ros2_rl/install/ros_rl/lib/python3.12/site-packages:${PYTHONPATH} /usr/bin/python3 -W ignore:setup.py install is deprecated -W ignore:easy_install command is deprecated setup.py egg_info --egg-base ../../build/ros_rl build --build-base /home/zakaria/ros2_rl/build/ros_rl/build install --record /home/zakaria/ros2_rl/build/ros_rl/install.log --single-version-externally-managed install_data
[1.659s] running egg_info
[1.677s] writing ../../build/ros_rl/ros_rl.egg-info/PKG-INFO
[1.678s] writing dependency_links to ../../build/ros_rl/ros_rl.egg-info/dependency_links.txt
[1.679s] writing entry points to ../../build/ros_rl/ros_rl.egg-info/entry_points.txt
[1.680s] writing requirements to ../../build/ros_rl/ros_rl.egg-info/requires.txt
[1.681s] writing top-level names to ../../build/ros_rl/ros_rl.egg-info/top_level.txt
[1.772s] reading manifest file '../../build/ros_rl/ros_rl.egg-info/SOURCES.txt'
[1.773s] writing manifest file '../../build/ros_rl/ros_rl.egg-info/SOURCES.txt'
[1.774s] running build
[1.774s] running build_py
[1.774s] running install
[1.782s] running install_lib
[1.810s] running install_data
[1.810s] copying launch/launch.py -> /home/zakaria/ros2_rl/install/ros_rl/share/ros_rl/launch
[1.810s] running install_egg_info
[1.858s] removing '/home/zakaria/ros2_rl/install/ros_rl/lib/python3.12/site-packages/ros_rl-0.0.0-py3.12.egg-info' (and everything under it)
[1.864s] Copying ../../build/ros_rl/ros_rl.egg-info to /home/zakaria/ros2_rl/install/ros_rl/lib/python3.12/site-packages/ros_rl-0.0.0-py3.12.egg-info
[1.864s] running install_scripts
[2.068s] Installing robot script to /home/zakaria/ros2_rl/install/ros_rl/lib/ros_rl
[2.069s] writing list of installed files to '/home/zakaria/ros2_rl/build/ros_rl/install.log'
[2.203s] Invoked command in '/home/zakaria/ros2_rl/src/ros_rl' returned '0': DEBUGINFOD_URLS=https://debuginfod.ubuntu.com PYTHONPATH=/home/zakaria/ros2_rl/build/ros_rl/prefix_override:/usr/lib/python3/dist-packages/colcon_core/task/python/colcon_distutils_commands:/home/zakaria/ros2_rl/install/ros_rl/lib/python3.12/site-packages:${PYTHONPATH} /usr/bin/python3 -W ignore:setup.py install is deprecated -W ignore:easy_install command is deprecated setup.py egg_info --egg-base ../../build/ros_rl build --build-base /home/zakaria/ros2_rl/build/ros_rl/build install --record /home/zakaria/ros2_rl/build/ros_rl/install.log --single-version-externally-managed install_data
