[2.161s] Invoking command in '/home/zakaria/ros2_rl/src/ros_rl': DEBUGINFOD_URLS=https://debuginfod.ubuntu.com PYTHONPATH=/home/zakaria/ros2_rl/build/ros_rl/prefix_override:/usr/lib/python3/dist-packages/colcon_core/task/python/colcon_distutils_commands:/home/zakaria/ros2_rl/install/ros_rl/lib/python3.12/site-packages:${PYTHONPATH} /usr/bin/python3 -W ignore:setup.py install is deprecated -W ignore:easy_install command is deprecated setup.py egg_info --egg-base ../../build/ros_rl build --build-base /home/zakaria/ros2_rl/build/ros_rl/build install --record /home/zakaria/ros2_rl/build/ros_rl/install.log --single-version-externally-managed install_data
[2.440s] running egg_info
[2.472s] writing ../../build/ros_rl/ros_rl.egg-info/PKG-INFO
[2.473s] writing dependency_links to ../../build/ros_rl/ros_rl.egg-info/dependency_links.txt
[2.475s] writing entry points to ../../build/ros_rl/ros_rl.egg-info/entry_points.txt
[2.475s] writing requirements to ../../build/ros_rl/ros_rl.egg-info/requires.txt
[2.475s] writing top-level names to ../../build/ros_rl/ros_rl.egg-info/top_level.txt
[2.543s] reading manifest file '../../build/ros_rl/ros_rl.egg-info/SOURCES.txt'
[2.545s] writing manifest file '../../build/ros_rl/ros_rl.egg-info/SOURCES.txt'
[2.546s] running build
[2.546s] running build_py
[2.546s] running install
[2.560s] running install_lib
[2.594s] running install_data
[2.595s] copying launch/launch.py -> /home/zakaria/ros2_rl/install/ros_rl/share/ros_rl/launch
[2.596s] running install_egg_info
[2.617s] removing '/home/zakaria/ros2_rl/install/ros_rl/lib/python3.12/site-packages/ros_rl-0.0.0-py3.12.egg-info' (and everything under it)
[2.621s] Copying ../../build/ros_rl/ros_rl.egg-info to /home/zakaria/ros2_rl/install/ros_rl/lib/python3.12/site-packages/ros_rl-0.0.0-py3.12.egg-info
[2.622s] running install_scripts
[2.852s] Installing robot script to /home/zakaria/ros2_rl/install/ros_rl/lib/ros_rl
[2.852s] writing list of installed files to '/home/zakaria/ros2_rl/build/ros_rl/install.log'
[2.902s] Invoked command in '/home/zakaria/ros2_rl/src/ros_rl' returned '0': DEBUGINFOD_URLS=https://debuginfod.ubuntu.com PYTHONPATH=/home/zakaria/ros2_rl/build/ros_rl/prefix_override:/usr/lib/python3/dist-packages/colcon_core/task/python/colcon_distutils_commands:/home/zakaria/ros2_rl/install/ros_rl/lib/python3.12/site-packages:${PYTHONPATH} /usr/bin/python3 -W ignore:setup.py install is deprecated -W ignore:easy_install command is deprecated setup.py egg_info --egg-base ../../build/ros_rl build --build-base /home/zakaria/ros2_rl/build/ros_rl/build install --record /home/zakaria/ros2_rl/build/ros_rl/install.log --single-version-externally-managed install_data
