[3.559s] Invoking command in '/home/zakaria/ros2_rl/src/ros_rl': DEBUGINFOD_URLS=https://debuginfod.ubuntu.com PYTHONPATH=/home/zakaria/ros2_rl/build/ros_rl/prefix_override:/usr/lib/python3/dist-packages/colcon_core/task/python/colcon_distutils_commands:/home/zakaria/ros2_rl/install/ros_rl/lib/python3.12/site-packages:${PYTHONPATH} /usr/bin/python3 -W ignore:setup.py install is deprecated -W ignore:easy_install command is deprecated setup.py egg_info --egg-base ../../build/ros_rl build --build-base /home/zakaria/ros2_rl/build/ros_rl/build install --record /home/zakaria/ros2_rl/build/ros_rl/install.log --single-version-externally-managed install_data
[4.674s] running egg_info
[4.699s] writing ../../build/ros_rl/ros_rl.egg-info/PKG-INFO
[4.706s] writing dependency_links to ../../build/ros_rl/ros_rl.egg-info/dependency_links.txt
[4.707s] writing entry points to ../../build/ros_rl/ros_rl.egg-info/entry_points.txt
[4.707s] writing requirements to ../../build/ros_rl/ros_rl.egg-info/requires.txt
[4.707s] writing top-level names to ../../build/ros_rl/ros_rl.egg-info/top_level.txt
[4.798s] reading manifest file '../../build/ros_rl/ros_rl.egg-info/SOURCES.txt'
[4.801s] writing manifest file '../../build/ros_rl/ros_rl.egg-info/SOURCES.txt'
[4.802s] running build
[4.802s] running build_py
[4.802s] running install
[4.810s] running install_lib
[4.855s] running install_data
[4.856s] running install_egg_info
[4.886s] removing '/home/zakaria/ros2_rl/install/ros_rl/lib/python3.12/site-packages/ros_rl-0.0.0-py3.12.egg-info' (and everything under it)
[4.893s] Copying ../../build/ros_rl/ros_rl.egg-info to /home/zakaria/ros2_rl/install/ros_rl/lib/python3.12/site-packages/ros_rl-0.0.0-py3.12.egg-info
[4.893s] running install_scripts
[5.112s] Installing robot script to /home/zakaria/ros2_rl/install/ros_rl/lib/ros_rl
[5.113s] Installing robot_state_publisher script to /home/zakaria/ros2_rl/install/ros_rl/lib/ros_rl
[5.115s] writing list of installed files to '/home/zakaria/ros2_rl/build/ros_rl/install.log'
[5.190s] Invoked command in '/home/zakaria/ros2_rl/src/ros_rl' returned '0': DEBUGINFOD_URLS=https://debuginfod.ubuntu.com PYTHONPATH=/home/zakaria/ros2_rl/build/ros_rl/prefix_override:/usr/lib/python3/dist-packages/colcon_core/task/python/colcon_distutils_commands:/home/zakaria/ros2_rl/install/ros_rl/lib/python3.12/site-packages:${PYTHONPATH} /usr/bin/python3 -W ignore:setup.py install is deprecated -W ignore:easy_install command is deprecated setup.py egg_info --egg-base ../../build/ros_rl build --build-base /home/zakaria/ros2_rl/build/ros_rl/build install --record /home/zakaria/ros2_rl/build/ros_rl/install.log --single-version-externally-managed install_data
