[1.901s] Invoking command in '/home/zakaria/ros2_rl/src/ros_rl': PYTHONPATH=/home/zakaria/ros2_rl/build/ros_rl/prefix_override:/usr/lib/python3/dist-packages/colcon_core/task/python/colcon_distutils_commands:/home/zakaria/ros2_rl/install/ros_rl/lib/python3.12/site-packages:${PYTHONPATH} /usr/bin/python3 -W ignore:setup.py install is deprecated -W ignore:easy_install command is deprecated setup.py egg_info --egg-base ../../build/ros_rl build --build-base /home/zakaria/ros2_rl/build/ros_rl/build install --record /home/zakaria/ros2_rl/build/ros_rl/install.log --single-version-externally-managed install_data
[2.187s] running egg_info
[2.206s] writing ../../build/ros_rl/ros_rl.egg-info/PKG-INFO
[2.207s] writing dependency_links to ../../build/ros_rl/ros_rl.egg-info/dependency_links.txt
[2.208s] writing entry points to ../../build/ros_rl/ros_rl.egg-info/entry_points.txt
[2.208s] writing requirements to ../../build/ros_rl/ros_rl.egg-info/requires.txt
[2.208s] writing top-level names to ../../build/ros_rl/ros_rl.egg-info/top_level.txt
[2.248s] reading manifest file '../../build/ros_rl/ros_rl.egg-info/SOURCES.txt'
[2.250s] writing manifest file '../../build/ros_rl/ros_rl.egg-info/SOURCES.txt'
[2.250s] running build
[2.250s] running build_py
[2.250s] running install
[2.257s] running install_lib
[2.274s] running install_data
[2.274s] running install_egg_info
[2.294s] removing '/home/zakaria/ros2_rl/install/ros_rl/lib/python3.12/site-packages/ros_rl-0.0.0-py3.12.egg-info' (and everything under it)
[2.297s] Copying ../../build/ros_rl/ros_rl.egg-info to /home/zakaria/ros2_rl/install/ros_rl/lib/python3.12/site-packages/ros_rl-0.0.0-py3.12.egg-info
[2.299s] running install_scripts
[2.426s] Installing robot script to /home/zakaria/ros2_rl/install/ros_rl/lib/ros_rl
[2.426s] Installing robot_state_publisher script to /home/zakaria/ros2_rl/install/ros_rl/lib/ros_rl
[2.427s] writing list of installed files to '/home/zakaria/ros2_rl/build/ros_rl/install.log'
[2.476s] Invoked command in '/home/zakaria/ros2_rl/src/ros_rl' returned '0': PYTHONPATH=/home/zakaria/ros2_rl/build/ros_rl/prefix_override:/usr/lib/python3/dist-packages/colcon_core/task/python/colcon_distutils_commands:/home/zakaria/ros2_rl/install/ros_rl/lib/python3.12/site-packages:${PYTHONPATH} /usr/bin/python3 -W ignore:setup.py install is deprecated -W ignore:easy_install command is deprecated setup.py egg_info --egg-base ../../build/ros_rl build --build-base /home/zakaria/ros2_rl/build/ros_rl/build install --record /home/zakaria/ros2_rl/build/ros_rl/install.log --single-version-externally-managed install_data
